<?xml version="1.0" encoding="UTF-8"?>
<!-- Generated by org.testng.reporters.JUnitReportReporter -->
<testsuite skipped="0" hostname="88LB0Z2" name="com.autoinnomation.test.CalculatorTest" tests="5" failures="0" timestamp="2021-09-17T18:54:52 BST" time="20.131" errors="0">
  <testcase name="Subtraction" time="2.843" classname="com.autoinnomation.test.CalculatorTest"/>
  <testcase name="Addition" time="2.885" classname="com.autoinnomation.test.CalculatorTest"/>
  <testcase name="Division" time="5.329" classname="com.autoinnomation.test.CalculatorTest"/>
  <testcase name="Combination" time="6.289" classname="com.autoinnomation.test.CalculatorTest"/>
  <testcase name="Multiplication" time="2.785" classname="com.autoinnomation.test.CalculatorTest"/>
</testsuite> <!-- com.autoinnomation.test.CalculatorTest -->
