<?xml version="1.0" encoding="UTF-8"?>
<!-- Generated by org.testng.reporters.JUnitReportReporter -->
<testsuite skipped="0" hostname="88LB0Z2" name="com.autoinnomation.test.Edition081_Windows" tests="1" failures="0" timestamp="2021-09-17T14:46:36 BST" time="16.526" errors="0">
  <testcase name="testWeatherApp" time="16.526" classname="com.autoinnomation.test.Edition081_Windows"/>
</testsuite> <!-- com.autoinnomation.test.Edition081_Windows -->
