<?xml version="1.0" encoding="UTF-8"?>
<!-- Generated by org.testng.reporters.JUnitReportReporter -->
<testsuite skipped="0" hostname="88LB0Z2" name="com.autoinnomation.test.AutomateNotepadWindows" tests="1" failures="0" timestamp="2021-09-17T17:36:10 BST" time="15.683" errors="0">
  <testcase name="testWeatherApp" time="15.683" classname="com.autoinnomation.test.AutomateNotepadWindows"/>
</testsuite> <!-- com.autoinnomation.test.AutomateNotepadWindows -->
