<?xml version="1.0" encoding="UTF-8"?>
<!-- Generated by org.testng.reporters.JUnitReportReporter -->
<testsuite skipped="0" hostname="88LB0Z2" name="com.autoinnomation.test.AutomateWeatherAppWindows" tests="1" failures="0" timestamp="2021-09-17T19:00:45 BST" time="27.198" errors="0">
  <testcase name="testWeatherApp" time="27.198" classname="com.autoinnomation.test.AutomateWeatherAppWindows"/>
</testsuite> <!-- com.autoinnomation.test.AutomateWeatherAppWindows -->
